[2018-12-05 00:10:34] Текст ошибки: Страница не найдена | Фаил C:\OS\OSPanel\domains\youwriter.ru\public\index.php | Строка 8
================
[2018-12-05 00:10:36] Текст ошибки: Страница не найдена | Фаил C:\OS\OSPanel\domains\youwriter.ru\public\index.php | Строка 8
================
[2018-12-05 00:11:30] Текст ошибки: Страница не найдена | Фаил C:\OS\OSPanel\domains\youwriter.ru\public\index.php | Строка 8
================
[2018-12-05 00:16:10] Текст ошибки: Страница не найдена | Фаил C:\OS\OSPanel\domains\youwriter.ru\public\index.php | Строка 8
================
[2018-12-05 00:16:22] Текст ошибки: Страница не найдена | Фаил C:\OS\OSPanel\domains\youwriter.ru\public\index.php | Строка 8
================
[2018-12-05 00:16:22] Текст ошибки: Страница не найдена | Фаил C:\OS\OSPanel\domains\youwriter.ru\public\index.php | Строка 8
================
[2018-12-05 00:18:36] Текст ошибки: Страница не найдена | Фаил C:\OS\OSPanel\domains\youwriter.ru\public\index.php | Строка 8
================
[2018-12-05 00:18:36] Текст ошибки: Страница не найдена | Фаил C:\OS\OSPanel\domains\youwriter.ru\public\index.php | Строка 8
================
[2018-12-05 00:19:25] Текст ошибки: Страница не найдена | Фаил C:\OS\OSPanel\domains\youwriter.ru\public\index.php | Строка 8
================
[2018-12-05 00:19:26] Текст ошибки: Страница не найдена | Фаил C:\OS\OSPanel\domains\youwriter.ru\public\index.php | Строка 8
================
[2018-12-05 00:19:57] Текст ошибки: Страница не найдена | Фаил C:\OS\OSPanel\domains\youwriter.ru\public\index.php | Строка 8
================
[2018-12-05 00:19:57] Текст ошибки: Страница не найдена | Фаил C:\OS\OSPanel\domains\youwriter.ru\public\index.php | Строка 8
================
[2018-12-05 00:20:08] Текст ошибки: Страница не найдена | Фаил C:\OS\OSPanel\domains\youwriter.ru\public\index.php | Строка 8
================
[2018-12-05 00:20:08] Текст ошибки: Страница не найдена | Фаил C:\OS\OSPanel\domains\youwriter.ru\public\index.php | Строка 8
================
[2018-12-05 00:20:08] Текст ошибки: Страница не найдена | Фаил C:\OS\OSPanel\domains\youwriter.ru\public\index.php | Строка 8
================
[2018-12-05 00:20:29] Текст ошибки: Страница не найдена | Фаил C:\OS\OSPanel\domains\youwriter.ru\public\index.php | Строка 8
================
[2018-12-05 00:20:56] Текст ошибки: Страница не найдена | Фаил C:\OS\OSPanel\domains\youwriter.ru\public\index.php | Строка 8
================
[2018-12-05 00:24:27] Текст ошибки: Страница не найдена | Фаил C:\OS\OSPanel\domains\youwriter.ru\public\index.php | Строка 8
================
[2018-12-05 00:26:08] Текст ошибки: Страница не найдена | Фаил C:\OS\OSPanel\domains\youwriter.ru\public\index.php | Строка 8
================
[2018-12-05 00:26:08] Текст ошибки: Страница не найдена | Фаил C:\OS\OSPanel\domains\youwriter.ru\public\index.php | Строка 8
================
[2018-12-05 00:26:12] Текст ошибки: Страница не найдена | Фаил C:\OS\OSPanel\domains\youwriter.ru\public\index.php | Строка 8
================
[2018-12-05 00:26:12] Текст ошибки: Страница не найдена | Фаил C:\OS\OSPanel\domains\youwriter.ru\public\index.php | Строка 8
================
[2018-12-05 00:27:28] Текст ошибки: Страница не найдена | Фаил C:\OS\OSPanel\domains\youwriter.ru\public\index.php | Строка 8
================
[2018-12-05 00:27:28] Текст ошибки: Страница не найдена | Фаил C:\OS\OSPanel\domains\youwriter.ru\public\index.php | Строка 8
================
[2018-12-05 00:27:46] Текст ошибки: Страница не найдена | Фаил C:\OS\OSPanel\domains\youwriter.ru\public\index.php | Строка 8
================
[2018-12-05 00:27:46] Текст ошибки: Страница не найдена | Фаил C:\OS\OSPanel\domains\youwriter.ru\public\index.php | Строка 8
================
[2018-12-05 00:28:29] Текст ошибки: Страница не найдена | Фаил C:\OS\OSPanel\domains\youwriter.ru\public\index.php | Строка 8
================
[2018-12-05 00:28:29] Текст ошибки: Страница не найдена | Фаил C:\OS\OSPanel\domains\youwriter.ru\public\index.php | Строка 8
================
[2018-12-05 00:28:34] Текст ошибки: Страница не найдена | Фаил C:\OS\OSPanel\domains\youwriter.ru\public\index.php | Строка 8
================
[2018-12-05 00:28:34] Текст ошибки: Страница не найдена | Фаил C:\OS\OSPanel\domains\youwriter.ru\public\index.php | Строка 8
================
[2018-12-05 00:28:35] Текст ошибки: Страница не найдена | Фаил C:\OS\OSPanel\domains\youwriter.ru\public\index.php | Строка 8
================
[2018-12-05 00:28:35] Текст ошибки: Страница не найдена | Фаил C:\OS\OSPanel\domains\youwriter.ru\public\index.php | Строка 8
================
[2018-12-05 00:28:36] Текст ошибки: Страница не найдена | Фаил C:\OS\OSPanel\domains\youwriter.ru\public\index.php | Строка 8
================
[2018-12-05 00:28:41] Текст ошибки: Страница не найдена | Фаил C:\OS\OSPanel\domains\youwriter.ru\public\index.php | Строка 8
================
[2018-12-05 00:28:41] Текст ошибки: Страница не найдена | Фаил C:\OS\OSPanel\domains\youwriter.ru\public\index.php | Строка 8
================
[2018-12-05 00:28:45] Текст ошибки: Страница не найдена | Фаил C:\OS\OSPanel\domains\youwriter.ru\public\index.php | Строка 8
================
[2018-12-05 00:28:45] Текст ошибки: Страница не найдена | Фаил C:\OS\OSPanel\domains\youwriter.ru\public\index.php | Строка 8
================
[2018-12-05 00:28:46] Текст ошибки: Страница не найдена | Фаил C:\OS\OSPanel\domains\youwriter.ru\public\index.php | Строка 8
================
[2018-12-05 00:28:46] Текст ошибки: Страница не найдена | Фаил C:\OS\OSPanel\domains\youwriter.ru\public\index.php | Строка 8
================
[2018-12-05 00:28:46] Текст ошибки: Страница не найдена | Фаил C:\OS\OSPanel\domains\youwriter.ru\public\index.php | Строка 8
================
[2018-12-05 00:29:16] Текст ошибки: Страница не найдена | Фаил C:\OS\OSPanel\domains\youwriter.ru\public\index.php | Строка 8
================
[2018-12-05 00:29:16] Текст ошибки: Страница не найдена | Фаил C:\OS\OSPanel\domains\youwriter.ru\public\index.php | Строка 8
================
[2018-12-05 00:29:18] Текст ошибки: Страница не найдена | Фаил C:\OS\OSPanel\domains\youwriter.ru\public\index.php | Строка 8
================
[2018-12-05 00:29:18] Текст ошибки: Страница не найдена | Фаил C:\OS\OSPanel\domains\youwriter.ru\public\index.php | Строка 8
================
[2018-12-05 00:29:18] Текст ошибки: Страница не найдена | Фаил C:\OS\OSPanel\domains\youwriter.ru\public\index.php | Строка 8
================
[2018-12-05 00:29:47] Текст ошибки: Страница не найдена | Фаил C:\OS\OSPanel\domains\youwriter.ru\public\index.php | Строка 8
================
[2018-12-05 00:29:48] Текст ошибки: Страница не найдена | Фаил C:\OS\OSPanel\domains\youwriter.ru\public\index.php | Строка 8
================
[2018-12-05 00:30:35] Текст ошибки: Страница не найдена | Фаил C:\OS\OSPanel\domains\youwriter.ru\public\index.php | Строка 8
================
[2018-12-05 00:30:35] Текст ошибки: Страница не найдена | Фаил C:\OS\OSPanel\domains\youwriter.ru\public\index.php | Строка 8
================
[2018-12-05 23:31:32] Текст ошибки: Страница не найдена | Фаил E:\OSPanel\domains\youwriter.ru\public\index.php | Строка 8
================
[2018-12-05 23:31:32] Текст ошибки: Страница не найдена | Фаил E:\OSPanel\domains\youwriter.ru\public\index.php | Строка 8
================
[2018-12-05 23:31:32] Текст ошибки: Страница не найдена | Фаил E:\OSPanel\domains\youwriter.ru\public\index.php | Строка 8
================
[2018-12-05 23:31:32] Текст ошибки: Страница не найдена | Фаил E:\OSPanel\domains\youwriter.ru\public\index.php | Строка 8
================
[2018-12-05 23:31:33] Текст ошибки: Страница не найдена | Фаил E:\OSPanel\domains\youwriter.ru\public\index.php | Строка 8
================
[2018-12-05 23:31:41] Текст ошибки: Страница не найдена | Фаил E:\OSPanel\domains\youwriter.ru\public\index.php | Строка 8
================
[2018-12-05 23:31:41] Текст ошибки: Страница не найдена | Фаил E:\OSPanel\domains\youwriter.ru\public\index.php | Строка 8
================
[2018-12-05 23:31:48] Текст ошибки: Страница не найдена | Фаил E:\OSPanel\domains\youwriter.ru\public\index.php | Строка 8
================
[2018-12-05 23:31:48] Текст ошибки: Страница не найдена | Фаил E:\OSPanel\domains\youwriter.ru\public\index.php | Строка 8
================
[2018-12-05 23:32:12] Текст ошибки: Страница не найдена | Фаил E:\OSPanel\domains\youwriter.ru\public\index.php | Строка 8
================
[2018-12-05 23:32:16] Текст ошибки: Страница не найдена | Фаил E:\OSPanel\domains\youwriter.ru\public\index.php | Строка 8
================
[2018-12-05 23:32:16] Текст ошибки: Страница не найдена | Фаил E:\OSPanel\domains\youwriter.ru\public\index.php | Строка 8
================
[2018-12-05 23:32:20] Текст ошибки: Страница не найдена | Фаил E:\OSPanel\domains\youwriter.ru\public\index.php | Строка 8
================
[2018-12-05 23:32:20] Текст ошибки: Страница не найдена | Фаил E:\OSPanel\domains\youwriter.ru\public\index.php | Строка 8
================
[2018-12-05 23:32:22] Текст ошибки: Страница не найдена | Фаил E:\OSPanel\domains\youwriter.ru\public\index.php | Строка 8
================
[2018-12-05 23:32:22] Текст ошибки: Страница не найдена | Фаил E:\OSPanel\domains\youwriter.ru\public\index.php | Строка 8
================
[2018-12-05 23:33:20] Текст ошибки: Страница не найдена | Фаил E:\OSPanel\domains\youwriter.ru\public\index.php | Строка 8
================
[2018-12-05 23:33:21] Текст ошибки: Страница не найдена | Фаил E:\OSPanel\domains\youwriter.ru\public\index.php | Строка 8
================
[2018-12-05 23:33:56] Текст ошибки: Страница не найдена | Фаил E:\OSPanel\domains\youwriter.ru\public\index.php | Строка 8
================
[2018-12-05 23:33:56] Текст ошибки: Страница не найдена | Фаил E:\OSPanel\domains\youwriter.ru\public\index.php | Строка 8
================
[2018-12-05 23:36:15] Текст ошибки: Страница не найдена | Фаил E:\OSPanel\domains\youwriter.ru\public\index.php | Строка 8
================
[2018-12-05 23:36:16] Текст ошибки: Страница не найдена | Фаил E:\OSPanel\domains\youwriter.ru\public\index.php | Строка 8
================
[2018-12-07 11:57:59] Текст ошибки: Страница не найдена | Фаил E:\OSPanel\domains\youwriter.ru\public\index.php | Строка 8
================
[2018-12-07 11:58:00] Текст ошибки: Страница не найдена | Фаил E:\OSPanel\domains\youwriter.ru\public\index.php | Строка 8
================
[2018-12-07 11:58:00] Текст ошибки: Страница не найдена | Фаил E:\OSPanel\domains\youwriter.ru\public\index.php | Строка 8
================
[2018-12-07 11:58:01] Текст ошибки: Страница не найдена | Фаил E:\OSPanel\domains\youwriter.ru\public\index.php | Строка 8
================
[2018-12-07 11:58:01] Текст ошибки: Страница не найдена | Фаил E:\OSPanel\domains\youwriter.ru\public\index.php | Строка 8
================
[2018-12-07 11:58:02] Текст ошибки: Страница не найдена | Фаил E:\OSPanel\domains\youwriter.ru\public\index.php | Строка 8
================
[2018-12-07 11:58:02] Текст ошибки: Страница не найдена | Фаил E:\OSPanel\domains\youwriter.ru\public\index.php | Строка 8
================
[2018-12-07 11:58:03] Текст ошибки: Страница не найдена | Фаил E:\OSPanel\domains\youwriter.ru\public\index.php | Строка 8
================
[2018-12-07 11:58:28] Текст ошибки: Страница не найдена | Фаил E:\OSPanel\domains\youwriter.ru\public\index.php | Строка 8
================
[2018-12-07 11:58:32] Текст ошибки: Страница не найдена | Фаил E:\OSPanel\domains\youwriter.ru\public\index.php | Строка 8
================
[2018-12-07 11:59:00] Текст ошибки: Страница не найдена | Фаил E:\OSPanel\domains\youwriter.ru\public\index.php | Строка 8
================
[2018-12-07 11:59:00] Текст ошибки: Страница не найдена | Фаил E:\OSPanel\domains\youwriter.ru\public\index.php | Строка 8
================
[2018-12-07 12:27:29] Текст ошибки: Страница не найдена | Фаил E:\OSPanel\domains\youwriter.ru\public\index.php | Строка 8
================
[2018-12-07 12:27:29] Текст ошибки: Страница не найдена | Фаил E:\OSPanel\domains\youwriter.ru\public\index.php | Строка 8
================
[2018-12-07 12:27:29] Текст ошибки: Страница не найдена | Фаил E:\OSPanel\domains\youwriter.ru\public\index.php | Строка 8
================
[2018-12-07 12:27:32] Текст ошибки: Страница не найдена | Фаил E:\OSPanel\domains\youwriter.ru\public\index.php | Строка 8
================
[2018-12-07 12:27:32] Текст ошибки: Страница не найдена | Фаил E:\OSPanel\domains\youwriter.ru\public\index.php | Строка 8
================
[2018-12-07 12:27:53] Текст ошибки: Страница не найдена | Фаил E:\OSPanel\domains\youwriter.ru\public\index.php | Строка 8
================
[2018-12-07 12:27:53] Текст ошибки: Страница не найдена | Фаил E:\OSPanel\domains\youwriter.ru\public\index.php | Строка 8
================
[2018-12-07 12:27:53] Текст ошибки: Страница не найдена | Фаил E:\OSPanel\domains\youwriter.ru\public\index.php | Строка 8
================
[2018-12-07 12:28:30] Текст ошибки: Страница не найдена | Фаил E:\OSPanel\domains\youwriter.ru\public\index.php | Строка 8
================
[2018-12-07 12:28:31] Текст ошибки: Страница не найдена | Фаил E:\OSPanel\domains\youwriter.ru\public\index.php | Строка 8
================
[2018-12-07 12:28:31] Текст ошибки: Страница не найдена | Фаил E:\OSPanel\domains\youwriter.ru\public\index.php | Строка 8
================
[2018-12-07 12:29:00] Текст ошибки: Страница не найдена | Фаил E:\OSPanel\domains\youwriter.ru\public\index.php | Строка 8
================
[2018-12-07 12:29:00] Текст ошибки: Страница не найдена | Фаил E:\OSPanel\domains\youwriter.ru\public\index.php | Строка 8
================
[2018-12-07 12:29:27] Текст ошибки: Страница не найдена | Фаил E:\OSPanel\domains\youwriter.ru\public\index.php | Строка 8
================
[2018-12-07 12:29:27] Текст ошибки: Страница не найдена | Фаил E:\OSPanel\domains\youwriter.ru\public\index.php | Строка 8
================
[2018-12-07 12:29:27] Текст ошибки: Страница не найдена | Фаил E:\OSPanel\domains\youwriter.ru\public\index.php | Строка 8
================
[2018-12-07 12:30:33] Текст ошибки: Страница не найдена | Фаил E:\OSPanel\domains\youwriter.ru\public\index.php | Строка 8
================
[2018-12-07 12:30:33] Текст ошибки: Страница не найдена | Фаил E:\OSPanel\domains\youwriter.ru\public\index.php | Строка 8
================
[2018-12-07 12:30:34] Текст ошибки: Страница не найдена | Фаил E:\OSPanel\domains\youwriter.ru\public\index.php | Строка 8
================
[2018-12-07 12:32:39] Текст ошибки: Страница не найдена | Фаил E:\OSPanel\domains\youwriter.ru\public\index.php | Строка 8
================
[2018-12-07 12:32:40] Текст ошибки: Страница не найдена | Фаил E:\OSPanel\domains\youwriter.ru\public\index.php | Строка 8
================
[2018-12-07 12:32:40] Текст ошибки: Страница не найдена | Фаил E:\OSPanel\domains\youwriter.ru\public\index.php | Строка 8
================
[2018-12-07 12:34:03] Текст ошибки: Страница не найдена | Фаил E:\OSPanel\domains\youwriter.ru\public\index.php | Строка 8
================
[2018-12-07 12:34:03] Текст ошибки: Страница не найдена | Фаил E:\OSPanel\domains\youwriter.ru\public\index.php | Строка 8
================
[2018-12-07 12:34:05] Текст ошибки: Страница не найдена | Фаил E:\OSPanel\domains\youwriter.ru\public\index.php | Строка 8
================
[2018-12-07 12:34:05] Текст ошибки: Страница не найдена | Фаил E:\OSPanel\domains\youwriter.ru\public\index.php | Строка 8
================
[2018-12-07 12:34:07] Текст ошибки: Страница не найдена | Фаил E:\OSPanel\domains\youwriter.ru\public\index.php | Строка 8
================
[2018-12-07 12:34:07] Текст ошибки: Страница не найдена | Фаил E:\OSPanel\domains\youwriter.ru\public\index.php | Строка 8
================
[2018-12-08 16:42:57] Текст ошибки: Страница не найдена | Фаил C:\OS\OSPanel\domains\youwriter.ru\vendor\youwriter\core\Router.php | Строка 32
================
[2018-12-08 16:43:03] Текст ошибки: Страница не найдена | Фаил C:\OS\OSPanel\domains\youwriter.ru\vendor\youwriter\core\Router.php | Строка 32
================
[2018-12-08 16:43:39] Текст ошибки: Страница не найдена | Фаил C:\OS\OSPanel\domains\youwriter.ru\vendor\youwriter\core\Router.php | Строка 32
================
[2018-12-08 16:48:28] Текст ошибки: Страница не найдена | Фаил C:\OS\OSPanel\domains\youwriter.ru\vendor\youwriter\core\Router.php | Строка 33
================
[2018-12-08 17:37:08] Текст ошибки: Контроллер app\controllers\NewController не найдена | Фаил C:\OS\OSPanel\domains\youwriter.ru\vendor\youwriter\core\Router.php | Строка 37
================
[2018-12-08 17:38:32] Текст ошибки: Контроллер app\controllers\NewController не найдена | Фаил C:\OS\OSPanel\domains\youwriter.ru\vendor\youwriter\core\Router.php | Строка 39
================
[2018-12-08 17:38:39] Текст ошибки: Контроллер app\controllers\MainController не найдена | Фаил C:\OS\OSPanel\domains\youwriter.ru\vendor\youwriter\core\Router.php | Строка 39
================
[2018-12-08 17:41:25] Текст ошибки: Контроллер app\controllers\MainController не найдена | Фаил C:\OS\OSPanel\domains\youwriter.ru\vendor\youwriter\core\Router.php | Строка 39
================
[2018-12-08 17:47:46] Текст ошибки: Страница не найдена | Фаил C:\OS\OSPanel\domains\youwriter.ru\vendor\youwriter\core\Router.php | Строка 43
================
[2018-12-08 17:48:57] Текст ошибки: Контроллер app\controllers\PageController не найден | Фаил C:\OS\OSPanel\domains\youwriter.ru\vendor\youwriter\core\Router.php | Строка 34
================
[2018-12-08 17:49:02] Текст ошибки: Контроллер app\controllers\PageController не найден | Фаил C:\OS\OSPanel\domains\youwriter.ru\vendor\youwriter\core\Router.php | Строка 34
================
[2018-12-08 17:49:11] Текст ошибки: Контроллер app\controllers\PageController не найден | Фаил C:\OS\OSPanel\domains\youwriter.ru\vendor\youwriter\core\Router.php | Строка 34
================
[2018-12-08 17:49:12] Текст ошибки: Контроллер app\controllers\PageController не найден | Фаил C:\OS\OSPanel\domains\youwriter.ru\vendor\youwriter\core\Router.php | Строка 34
================
[2018-12-08 17:49:13] Текст ошибки: Контроллер app\controllers\PageController не найден | Фаил C:\OS\OSPanel\domains\youwriter.ru\vendor\youwriter\core\Router.php | Строка 34
================
[2018-12-08 17:49:55] Текст ошибки: Контроллер app\controllers\PageController не найден | Фаил C:\OS\OSPanel\domains\youwriter.ru\vendor\youwriter\core\Router.php | Строка 34
================
[2018-12-08 17:50:13] Текст ошибки: Контроллер app\controllers\MainController не найден | Фаил C:\OS\OSPanel\domains\youwriter.ru\vendor\youwriter\core\Router.php | Строка 34
================
[2018-12-08 17:50:41] Текст ошибки: Метод app\controllers\MainController::indexAction не найден | Фаил C:\OS\OSPanel\domains\youwriter.ru\vendor\youwriter\core\Router.php | Строка 31
================
[2018-12-08 17:51:31] Текст ошибки: Контроллер app\controllers\MainController не найден | Фаил C:\OS\OSPanel\domains\youwriter.ru\vendor\youwriter\core\Router.php | Строка 34
================
[2018-12-08 17:52:42] Текст ошибки: Метод app\controllers\MainController::indexAction не найден | Фаил C:\OS\OSPanel\domains\youwriter.ru\vendor\youwriter\core\Router.php | Строка 31
================
[2018-12-08 17:58:01] Текст ошибки: Метод app\controllers\PageController::indexAction не найден | Фаил C:\OS\OSPanel\domains\youwriter.ru\vendor\youwriter\core\Router.php | Строка 31
================
[2018-12-09 05:16:29] Текст ошибки: Страница не найдена | Фаил C:\OS\OSPanel\domains\youwriter.ru\vendor\youwriter\core\Router.php | Строка 49
================
[2018-12-10 04:27:08] Текст ошибки: Страница не найдена | Фаил C:\OS\OSPanel\domains\youwriter.ru\vendor\youwriter\core\Router.php | Строка 49
================
[2018-12-10 05:33:31] Текст ошибки: Не найден if,kjy C:\OS\OSPanel\domains\youwriter.ru/app/views/layouts/default.php | Фаил C:\OS\OSPanel\domains\youwriter.ru\vendor\youwriter\core\base\View.php | Строка 61
================
[2018-12-10 05:34:19] Текст ошибки: Не найден шаблон C:\OS\OSPanel\domains\youwriter.ru/app/views/layouts/default.php | Фаил C:\OS\OSPanel\domains\youwriter.ru\vendor\youwriter\core\base\View.php | Строка 61
================
[2018-12-10 05:35:40] Текст ошибки: Не найден шаблон C:\OS\OSPanel\domains\youwriter.ru/app/views/layouts/default.php | Фаил C:\OS\OSPanel\domains\youwriter.ru\vendor\youwriter\core\base\View.php | Строка 61
================
[2018-12-10 05:35:41] Текст ошибки: Не найден шаблон C:\OS\OSPanel\domains\youwriter.ru/app/views/layouts/default.php | Фаил C:\OS\OSPanel\domains\youwriter.ru\vendor\youwriter\core\base\View.php | Строка 61
================
[2018-12-10 05:38:33] Текст ошибки: Не найден шаблон C:\OS\OSPanel\domains\youwriter.ru/app/views/layouts/default.php | Фаил C:\OS\OSPanel\domains\youwriter.ru\vendor\youwriter\core\base\View.php | Строка 61
================
[2018-12-10 05:38:35] Текст ошибки: Не найден шаблон C:\OS\OSPanel\domains\youwriter.ru/app/views/layouts/default.php | Фаил C:\OS\OSPanel\domains\youwriter.ru\vendor\youwriter\core\base\View.php | Строка 61
================
[2018-12-10 05:40:07] Текст ошибки: Не найден шаблон C:\OS\OSPanel\domains\youwriter.ru/app/views/layouts/default.php | Фаил C:\OS\OSPanel\domains\youwriter.ru\vendor\youwriter\core\base\View.php | Строка 61
================
[2018-12-10 05:43:11] Текст ошибки: Не найден шаблон C:\OS\OSPanel\domains\youwriter.ru/app/views/layouts/default.php | Фаил C:\OS\OSPanel\domains\youwriter.ru\vendor\youwriter\core\base\View.php | Строка 61
================
[2018-12-10 05:45:51] Текст ошибки: Не найден шаблон C:\OS\OSPanel\domains\youwriter.ru/app/views/layouts/default.php | Фаил C:\OS\OSPanel\domains\youwriter.ru\vendor\youwriter\core\base\View.php | Строка 61
================
[2018-12-10 05:47:13] Текст ошибки: Не найден шаблон C:\OS\OSPanel\domains\youwriter.ru/app/views/layouts/default.php | Фаил C:\OS\OSPanel\domains\youwriter.ru\vendor\youwriter\core\base\View.php | Строка 61
================
[2018-12-10 05:47:20] Текст ошибки: Не найден шаблон C:\OS\OSPanel\domains\youwriter.ru/app/views/layouts/default.php | Фаил C:\OS\OSPanel\domains\youwriter.ru\vendor\youwriter\core\base\View.php | Строка 61
================
[2018-12-10 19:12:09] Текст ошибки: Не найден шаблон C:\OS\OSPanel\domains\youwriter.ru/app/views/layouts/default.php | Фаил C:\OS\OSPanel\domains\youwriter.ru\vendor\youwriter\core\base\View.php | Строка 61
================
[2018-12-10 19:12:09] Текст ошибки: Страница не найдена | Фаил C:\OS\OSPanel\domains\youwriter.ru\vendor\youwriter\core\Router.php | Строка 50
================
[2018-12-10 19:12:52] Текст ошибки: Не найден шаблон C:\OS\OSPanel\domains\youwriter.ru/app/views/layouts/default.php | Фаил C:\OS\OSPanel\domains\youwriter.ru\vendor\youwriter\core\base\View.php | Строка 61
================
[2018-12-10 19:55:19] Текст ошибки: Не найден шаблон C:\OS\OSPanel\domains\youwriter.ru/app/views/layouts/default.php | Фаил C:\OS\OSPanel\domains\youwriter.ru\vendor\youwriter\core\base\View.php | Строка 61
================
[2018-12-10 20:08:05] Текст ошибки: На найден шаблон default | Фаил C:\OS\OSPanel\domains\youwriter.ru\vendor\youwriter\core\base\View.php | Строка 52
================
[2018-12-10 20:08:50] Текст ошибки: На найден шаблон default | Фаил C:\OS\OSPanel\domains\youwriter.ru\vendor\youwriter\core\base\View.php | Строка 52
================
[2018-12-10 20:14:43] Текст ошибки: На найден шаблон default | Фаил C:\OS\OSPanel\domains\youwriter.ru\vendor\youwriter\core\base\View.php | Строка 60
================
